<?xml version="1.0" encoding="UTF-8"?>
<testng-results ignored="0" total="1" passed="1" failed="0" skipped="0">
  <reporter-output>
  </reporter-output>
  <suite started-at="2022-02-21T23:51:48 IST" name="Default suite" finished-at="2022-02-21T23:52:11 IST" duration-ms="23078">
    <groups>
    </groups>
    <test started-at="2022-02-21T23:51:48 IST" name="Default test" finished-at="2022-02-21T23:52:11 IST" duration-ms="23078">
      <class name="Rough.Rough">
        <test-method signature="TestYoutube()[pri:0, instance:Rough.Rough@4bb33f74]" started-at="2022-02-21T23:51:48 IST" name="TestYoutube" finished-at="2022-02-21T23:52:11 IST" duration-ms="23054" status="PASS">
          <reporter-output>
          </reporter-output>
        </test-method> <!-- TestYoutube -->
      </class> <!-- Rough.Rough -->
    </test> <!-- Default test -->
  </suite> <!-- Default suite -->
</testng-results>
